<?xml version="1.0" encoding="UTF-8"?>
<testng-results ignored="0" total="1" passed="1" failed="0" skipped="0">
  <reporter-output>
  </reporter-output>
  <suite started-at="2023-03-24T11:18:36 ICT" name="Suite" finished-at="2023-03-24T11:18:40 ICT" duration-ms="3966">
    <groups>
    </groups>
    <test started-at="2023-03-24T11:18:36 ICT" name="Test" finished-at="2023-03-24T11:18:40 ICT" duration-ms="3966">
      <class name="booking.Booking">
        <test-method signature="bookingTest()[pri:0, instance:booking.Booking@18ce0030]" started-at="2023-03-24T11:18:36 ICT" name="bookingTest" finished-at="2023-03-24T11:18:40 ICT" duration-ms="3940" status="PASS">
          <reporter-output>
          </reporter-output>
        </test-method> <!-- bookingTest -->
      </class> <!-- booking.Booking -->
    </test> <!-- Test -->
  </suite> <!-- Suite -->
</testng-results>
